Arguments: 
  /usr/local/Cellar/node/8.2.1/bin/node /usr/local/bin/yarn install

PATH: 
  /Users/alex/.rbenv/shims:/Users/alex/Library/Android/sdk/emulator:/Users/alex/Library/Android/sdk/tools:/Users/alex/Library/Android/sdk/platform-tools:/Users/alex/Library/Android/sdk/tools/bin:/Users/alex/.rvm/bin:/usr/local/bin:/usr/bin:/bin:/usr/sbin:/sbin:/opt/X11/bin

Yarn version: 
  1.5.1

Node version: 
  8.2.1

Platform: 
  darwin x64

npm manifest: 
  {
    "private": true,
    "engines": {
      "node": ">=4"
    },
    "dependencies": {
      "bootstrap": "^4.1.3",
      "jquery": "^3.3.1",
      "modernizr": "^3.6.0",
      "popper.js": "^1.14.6"
    },
    "devDependencies": {
      "@babel/core": "^7.1.2",
      "@babel/preset-env": "^7.1.0",
      "autoprefixer": "^9.4.4",
      "browser-sync": "^2.2.1",
      "cross-env": "^5.2.0",
      "cssnano": "^4.1.7",
      "del": "^3.0.0",
      "gulp": "^4.0.0",
      "gulp-babel": "^8.0.0",
      "gulp-cli": "^2.0.1",
      "gulp-eslint": "^5.0.0",
      "gulp-filter": "^5.1.0",
      "gulp-htmlmin": "^5.0.1",
      "gulp-if": "^2.0.2",
      "gulp-imagemin": "^5.0.3",
      "gulp-load-plugins": "^1.2.4",
      "gulp-plumber": "^1.0.1",
      "gulp-postcss": "^8.0.0",
      "gulp-sass": "^4.0.2",
      "gulp-size": "^3.0.0",
      "gulp-sourcemaps": "^2.2.0",
      "gulp-uglify": "^3.0.1",
      "gulp-useref": "^3.0.0",
      "mkdirp": "^0.5.1",
      "mocha": "^5.2.0",
      "yargs": "12.0.5"
    },
    "scripts": {
      "serve:test": "cross-env NODE_ENV=test gulp serve",
      "serve:dist": "cross-env NODE_ENV=production gulp serve",
      "start": "gulp serve",
      "build": "cross-env NODE_ENV=production gulp",
      "test": "npm run serve:test",
      "tasks": "gulp --tasks"
    },
    "browserslist": [
      "> 1%",
      "last 2 versions",
      "Firefox ESR"
    ],
    "eslintConfig": {
      "parserOptions": {
        "sourceType": "module"
      },
      "env": {
        "es6": true,
        "node": true,
        "browser": true,
        "jquery": true
      },
      "rules": {
        "quotes": [
          2,
          "single"
        ]
      }
    }
  }

yarn manifest: 
  No manifest

Lockfile: 
  No lockfile

Trace: 
  Error: Found incompatible module
      at new MessageError (/usr/local/lib/node_modules/yarn/lib/cli.js:186:110)
      at checkOne (/usr/local/lib/node_modules/yarn/lib/cli.js:62444:11)
      at Object.check (/usr/local/lib/node_modules/yarn/lib/cli.js:62463:5)
      at /usr/local/lib/node_modules/yarn/lib/cli.js:22803:73
      at Generator.next (<anonymous>)
      at step (/usr/local/lib/node_modules/yarn/lib/cli.js:98:30)
      at /usr/local/lib/node_modules/yarn/lib/cli.js:109:13
      at <anonymous>
